<testsuites id="" name="" tests="99" failures="69" skipped="0" errors="0" time="2242.3305979999996">
<testsuite name="admin-business-operations.spec.js" timestamp="2025-11-09T11:33:42.655Z" hostname="chromium" tests="2" failures="2" skipped="0" time="67.286" errors="0">
<testcase name="Admin Business Operations - Full Workflow with Photos › Admin: Create Laundry Order → Assign Worker → Update Status → Record Payment" classname="admin-business-operations.spec.js" time="33.821">
<failure message="admin-business-operations.spec.js:49:5 Admin: Create Laundry Order → Assign Worker → Update Status → Record Payment" type="FAILURE">
<![CDATA[  [chromium] › admin-business-operations.spec.js:49:5 › Admin Business Operations - Full Workflow with Photos › Admin: Create Laundry Order → Assign Worker → Update Status → Record Payment 

    TimeoutError: locator.fill: Timeout 10000ms exceeded.
    Call log:
      - waiting for locator('textbox').first()


      67 |         const loginButton = page.getByRole('button', { name: /Login/i });
      68 |
    > 69 |         await phoneInput.fill(ADMIN_CREDENTIALS.phone);
         |                          ^
      70 |         await passwordInput.fill(ADMIN_CREDENTIALS.password);
      71 |         await loginButton.click();
      72 |
        at /Applications/XAMPP/xamppfiles/htdocs/Lavandaria/tests/e2e/admin-business-operations.spec.js:69:26

    attachment #1: screenshot (image/png) ──────────────────────────────────────────────────────────
    ../../test-results/admin-business-operations--46f21-ate-Status-→-Record-Payment-chromium/test-failed-1.png
    ────────────────────────────────────────────────────────────────────────────────────────────────

    attachment #2: video (video/webm) ──────────────────────────────────────────────────────────────
    ../../test-results/admin-business-operations--46f21-ate-Status-→-Record-Payment-chromium/video.webm
    ────────────────────────────────────────────────────────────────────────────────────────────────

    Error Context: ../../test-results/admin-business-operations--46f21-ate-Status-→-Record-Payment-chromium/error-context.md

    attachment #4: trace (application/zip) ─────────────────────────────────────────────────────────
    ../../test-results/admin-business-operations--46f21-ate-Status-→-Record-Payment-chromium/trace.zip
    Usage:

        npx playwright show-trace ../../test-results/admin-business-operations--46f21-ate-Status-→-Record-Payment-chromium/trace.zip

    ────────────────────────────────────────────────────────────────────────────────────────────────

    Retry #1 ───────────────────────────────────────────────────────────────────────────────────────

    TimeoutError: locator.fill: Timeout 10000ms exceeded.
    Call log:
      - waiting for locator('textbox').first()


      67 |         const loginButton = page.getByRole('button', { name: /Login/i });
      68 |
    > 69 |         await phoneInput.fill(ADMIN_CREDENTIALS.phone);
         |                          ^
      70 |         await passwordInput.fill(ADMIN_CREDENTIALS.password);
      71 |         await loginButton.click();
      72 |
        at /Applications/XAMPP/xamppfiles/htdocs/Lavandaria/tests/e2e/admin-business-operations.spec.js:69:26

    attachment #1: screenshot (image/png) ──────────────────────────────────────────────────────────
    ../../test-results/admin-business-operations--46f21-ate-Status-→-Record-Payment-chromium-retry1/test-failed-1.png
    ────────────────────────────────────────────────────────────────────────────────────────────────

    attachment #2: video (video/webm) ──────────────────────────────────────────────────────────────
    ../../test-results/admin-business-operations--46f21-ate-Status-→-Record-Payment-chromium-retry1/video.webm
    ────────────────────────────────────────────────────────────────────────────────────────────────

    Error Context: ../../test-results/admin-business-operations--46f21-ate-Status-→-Record-Payment-chromium-retry1/error-context.md

    attachment #4: trace (application/zip) ─────────────────────────────────────────────────────────
    ../../test-results/admin-business-operations--46f21-ate-Status-→-Record-Payment-chromium-retry1/trace.zip
    Usage:

        npx playwright show-trace ../../test-results/admin-business-operations--46f21-ate-Status-→-Record-Payment-chromium-retry1/trace.zip

    ────────────────────────────────────────────────────────────────────────────────────────────────

    Retry #2 ───────────────────────────────────────────────────────────────────────────────────────

    TimeoutError: locator.fill: Timeout 10000ms exceeded.
    Call log:
      - waiting for locator('textbox').first()


      67 |         const loginButton = page.getByRole('button', { name: /Login/i });
      68 |
    > 69 |         await phoneInput.fill(ADMIN_CREDENTIALS.phone);
         |                          ^
      70 |         await passwordInput.fill(ADMIN_CREDENTIALS.password);
      71 |         await loginButton.click();
      72 |
        at /Applications/XAMPP/xamppfiles/htdocs/Lavandaria/tests/e2e/admin-business-operations.spec.js:69:26

    attachment #1: screenshot (image/png) ──────────────────────────────────────────────────────────
    ../../test-results/admin-business-operations--46f21-ate-Status-→-Record-Payment-chromium-retry2/test-failed-1.png
    ────────────────────────────────────────────────────────────────────────────────────────────────

    attachment #2: video (video/webm) ──────────────────────────────────────────────────────────────
    ../../test-results/admin-business-operations--46f21-ate-Status-→-Record-Payment-chromium-retry2/video.webm
    ────────────────────────────────────────────────────────────────────────────────────────────────

    Error Context: ../../test-results/admin-business-operations--46f21-ate-Status-→-Record-Payment-chromium-retry2/error-context.md

    attachment #4: trace (application/zip) ─────────────────────────────────────────────────────────
    ../../test-results/admin-business-operations--46f21-ate-Status-→-Record-Payment-chromium-retry2/trace.zip
    Usage:

        npx playwright show-trace ../../test-results/admin-business-operations--46f21-ate-Status-→-Record-Payment-chromium-retry2/trace.zip

    ────────────────────────────────────────────────────────────────────────────────────────────────
]]>
</failure>
<system-out>
<![CDATA[📦 Test 1: Laundry Order Workflow
  🔐 Step 1: Admin Login

[[ATTACHMENT|admin-business-operations--46f21-ate-Status-→-Record-Payment-chromium/test-failed-1.png]]

[[ATTACHMENT|admin-business-operations--46f21-ate-Status-→-Record-Payment-chromium/video.webm]]

[[ATTACHMENT|admin-business-operations--46f21-ate-Status-→-Record-Payment-chromium/error-context.md]]

[[ATTACHMENT|admin-business-operations--46f21-ate-Status-→-Record-Payment-chromium/trace.zip]]
📦 Test 1: Laundry Order Workflow
  🔐 Step 1: Admin Login

[[ATTACHMENT|admin-business-operations--46f21-ate-Status-→-Record-Payment-chromium-retry1/test-failed-1.png]]

[[ATTACHMENT|admin-business-operations--46f21-ate-Status-→-Record-Payment-chromium-retry1/video.webm]]

[[ATTACHMENT|admin-business-operations--46f21-ate-Status-→-Record-Payment-chromium-retry1/error-context.md]]

[[ATTACHMENT|admin-business-operations--46f21-ate-Status-→-Record-Payment-chromium-retry1/trace.zip]]
📦 Test 1: Laundry Order Workflow
  🔐 Step 1: Admin Login

[[ATTACHMENT|admin-business-operations--46f21-ate-Status-→-Record-Payment-chromium-retry2/test-failed-1.png]]

[[ATTACHMENT|admin-business-operations--46f21-ate-Status-→-Record-Payment-chromium-retry2/video.webm]]

[[ATTACHMENT|admin-business-operations--46f21-ate-Status-→-Record-Payment-chromium-retry2/error-context.md]]

[[ATTACHMENT|admin-business-operations--46f21-ate-Status-→-Record-Payment-chromium-retry2/trace.zip]]
]]>
</system-out>
</testcase>
<testcase name="Admin Business Operations - Full Workflow with Photos › Admin: Create Job → Assign Worker → Worker Upload Photos → Client Views Photos" classname="admin-business-operations.spec.js" time="33.465">
<failure message="admin-business-operations.spec.js:228:5 Admin: Create Job → Assign Worker → Worker Upload Photos → Client Views Photos" type="FAILURE">
<![CDATA[  [chromium] › admin-business-operations.spec.js:228:5 › Admin Business Operations - Full Workflow with Photos › Admin: Create Job → Assign Worker → Worker Upload Photos → Client Views Photos 

    TimeoutError: locator.fill: Timeout 10000ms exceeded.
    Call log:
      - waiting for locator('textbox').first()


      246 |         const loginButton = page.getByRole('button', { name: /Login/i });
      247 |
    > 248 |         await phoneInput.fill(ADMIN_CREDENTIALS.phone);
          |                          ^
      249 |         await passwordInput.fill(ADMIN_CREDENTIALS.password);
      250 |         await loginButton.click();
      251 |
        at /Applications/XAMPP/xamppfiles/htdocs/Lavandaria/tests/e2e/admin-business-operations.spec.js:248:26

    attachment #1: screenshot (image/png) ──────────────────────────────────────────────────────────
    ../../test-results/admin-business-operations--bd1ea-hotos-→-Client-Views-Photos-chromium/test-failed-1.png
    ────────────────────────────────────────────────────────────────────────────────────────────────

    attachment #2: video (video/webm) ──────────────────────────────────────────────────────────────
    ../../test-results/admin-business-operations--bd1ea-hotos-→-Client-Views-Photos-chromium/video.webm
    ────────────────────────────────────────────────────────────────────────────────────────────────

    Error Context: ../../test-results/admin-business-operations--bd1ea-hotos-→-Client-Views-Photos-chromium/error-context.md

    attachment #4: trace (application/zip) ─────────────────────────────────────────────────────────
    ../../test-results/admin-business-operations--bd1ea-hotos-→-Client-Views-Photos-chromium/trace.zip
    Usage:

        npx playwright show-trace ../../test-results/admin-business-operations--bd1ea-hotos-→-Client-Views-Photos-chromium/trace.zip

    ────────────────────────────────────────────────────────────────────────────────────────────────

    Retry #1 ───────────────────────────────────────────────────────────────────────────────────────

    TimeoutError: locator.fill: Timeout 10000ms exceeded.
    Call log:
      - waiting for locator('textbox').first()


      246 |         const loginButton = page.getByRole('button', { name: /Login/i });
      247 |
    > 248 |         await phoneInput.fill(ADMIN_CREDENTIALS.phone);
          |                          ^
      249 |         await passwordInput.fill(ADMIN_CREDENTIALS.password);
      250 |         await loginButton.click();
      251 |
        at /Applications/XAMPP/xamppfiles/htdocs/Lavandaria/tests/e2e/admin-business-operations.spec.js:248:26

    attachment #1: screenshot (image/png) ──────────────────────────────────────────────────────────
    ../../test-results/admin-business-operations--bd1ea-hotos-→-Client-Views-Photos-chromium-retry1/test-failed-1.png
    ────────────────────────────────────────────────────────────────────────────────────────────────

    attachment #2: video (video/webm) ──────────────────────────────────────────────────────────────
    ../../test-results/admin-business-operations--bd1ea-hotos-→-Client-Views-Photos-chromium-retry1/video.webm
    ────────────────────────────────────────────────────────────────────────────────────────────────

    Error Context: ../../test-results/admin-business-operations--bd1ea-hotos-→-Client-Views-Photos-chromium-retry1/error-context.md

    attachment #4: trace (application/zip) ─────────────────────────────────────────────────────────
    ../../test-results/admin-business-operations--bd1ea-hotos-→-Client-Views-Photos-chromium-retry1/trace.zip
    Usage:

        npx playwright show-trace ../../test-results/admin-business-operations--bd1ea-hotos-→-Client-Views-Photos-chromium-retry1/trace.zip

    ────────────────────────────────────────────────────────────────────────────────────────────────

    Retry #2 ───────────────────────────────────────────────────────────────────────────────────────

    TimeoutError: locator.fill: Timeout 10000ms exceeded.
    Call log:
      - waiting for locator('textbox').first()


      246 |         const loginButton = page.getByRole('button', { name: /Login/i });
      247 |
    > 248 |         await phoneInput.fill(ADMIN_CREDENTIALS.phone);
          |                          ^
      249 |         await passwordInput.fill(ADMIN_CREDENTIALS.password);
      250 |         await loginButton.click();
      251 |
        at /Applications/XAMPP/xamppfiles/htdocs/Lavandaria/tests/e2e/admin-business-operations.spec.js:248:26

    attachment #1: screenshot (image/png) ──────────────────────────────────────────────────────────
    ../../test-results/admin-business-operations--bd1ea-hotos-→-Client-Views-Photos-chromium-retry2/test-failed-1.png
    ────────────────────────────────────────────────────────────────────────────────────────────────

    attachment #2: video (video/webm) ──────────────────────────────────────────────────────────────
    ../../test-results/admin-business-operations--bd1ea-hotos-→-Client-Views-Photos-chromium-retry2/video.webm
    ────────────────────────────────────────────────────────────────────────────────────────────────

    Error Context: ../../test-results/admin-business-operations--bd1ea-hotos-→-Client-Views-Photos-chromium-retry2/error-context.md

    attachment #4: trace (application/zip) ─────────────────────────────────────────────────────────
    ../../test-results/admin-business-operations--bd1ea-hotos-→-Client-Views-Photos-chromium-retry2/trace.zip
    Usage:

        npx playwright show-trace ../../test-results/admin-business-operations--bd1ea-hotos-→-Client-Views-Photos-chromium-retry2/trace.zip

    ────────────────────────────────────────────────────────────────────────────────────────────────
]]>
</failure>
<system-out>
<![CDATA[🏠 Test 2: Cleaning Job Workflow with Photos
  🔐 Step 1: Admin Login

[[ATTACHMENT|admin-business-operations--bd1ea-hotos-→-Client-Views-Photos-chromium/test-failed-1.png]]

[[ATTACHMENT|admin-business-operations--bd1ea-hotos-→-Client-Views-Photos-chromium/video.webm]]

[[ATTACHMENT|admin-business-operations--bd1ea-hotos-→-Client-Views-Photos-chromium/error-context.md]]

[[ATTACHMENT|admin-business-operations--bd1ea-hotos-→-Client-Views-Photos-chromium/trace.zip]]
🏠 Test 2: Cleaning Job Workflow with Photos
  🔐 Step 1: Admin Login

[[ATTACHMENT|admin-business-operations--bd1ea-hotos-→-Client-Views-Photos-chromium-retry1/test-failed-1.png]]

[[ATTACHMENT|admin-business-operations--bd1ea-hotos-→-Client-Views-Photos-chromium-retry1/video.webm]]

[[ATTACHMENT|admin-business-operations--bd1ea-hotos-→-Client-Views-Photos-chromium-retry1/error-context.md]]

[[ATTACHMENT|admin-business-operations--bd1ea-hotos-→-Client-Views-Photos-chromium-retry1/trace.zip]]
🏠 Test 2: Cleaning Job Workflow with Photos
  🔐 Step 1: Admin Login

[[ATTACHMENT|admin-business-operations--bd1ea-hotos-→-Client-Views-Photos-chromium-retry2/test-failed-1.png]]

[[ATTACHMENT|admin-business-operations--bd1ea-hotos-→-Client-Views-Photos-chromium-retry2/video.webm]]

[[ATTACHMENT|admin-business-operations--bd1ea-hotos-→-Client-Views-Photos-chromium-retry2/error-context.md]]

[[ATTACHMENT|admin-business-operations--bd1ea-hotos-→-Client-Views-Photos-chromium-retry2/trace.zip]]
]]>
</system-out>
</testcase>
</testsuite>
<testsuite name="admin-delete-operations.spec.js" timestamp="2025-11-09T11:33:42.655Z" hostname="chromium" tests="2" failures="2" skipped="0" time="67.287" errors="0">
<testcase name="Admin - Delete Operations (Cascade &amp; SET NULL) › Delete Worker: Job worker_id should be SET NULL (not CASCADE deleted)" classname="admin-delete-operations.spec.js" time="33.644">
<failure message="admin-delete-operations.spec.js:34:5 Delete Worker: Job worker_id should be SET NULL (not CASCADE deleted)" type="FAILURE">
<![CDATA[  [chromium] › admin-delete-operations.spec.js:34:5 › Admin - Delete Operations (Cascade & SET NULL) › Delete Worker: Job worker_id should be SET NULL (not CASCADE deleted) 

    TimeoutError: page.waitForURL: Timeout 10000ms exceeded.
    =========================== logs ===========================
    waiting for navigation until "load"
    ============================================================

      52 |         await loginButton.click();
      53 |
    > 54 |         await page.waitForURL(/\/dashboard/, { timeout: 10000 });
         |                    ^
      55 |         console.log('  - Admin logged in');
      56 |
      57 |         // ============================================
        at /Applications/XAMPP/xamppfiles/htdocs/Lavandaria/tests/e2e/admin-delete-operations.spec.js:54:20

    attachment #1: screenshot (image/png) ──────────────────────────────────────────────────────────
    ../../test-results/admin-delete-operations-Ad-4a551-T-NULL-not-CASCADE-deleted--chromium/test-failed-1.png
    ────────────────────────────────────────────────────────────────────────────────────────────────

    attachment #2: video (video/webm) ──────────────────────────────────────────────────────────────
    ../../test-results/admin-delete-operations-Ad-4a551-T-NULL-not-CASCADE-deleted--chromium/video.webm
    ────────────────────────────────────────────────────────────────────────────────────────────────

    Error Context: ../../test-results/admin-delete-operations-Ad-4a551-T-NULL-not-CASCADE-deleted--chromium/error-context.md

    attachment #4: trace (application/zip) ─────────────────────────────────────────────────────────
    ../../test-results/admin-delete-operations-Ad-4a551-T-NULL-not-CASCADE-deleted--chromium/trace.zip
    Usage:

        npx playwright show-trace ../../test-results/admin-delete-operations-Ad-4a551-T-NULL-not-CASCADE-deleted--chromium/trace.zip

    ────────────────────────────────────────────────────────────────────────────────────────────────

    Retry #1 ───────────────────────────────────────────────────────────────────────────────────────

    TimeoutError: page.waitForURL: Timeout 10000ms exceeded.
    =========================== logs ===========================
    waiting for navigation until "load"
    ============================================================

      52 |         await loginButton.click();
      53 |
    > 54 |         await page.waitForURL(/\/dashboard/, { timeout: 10000 });
         |                    ^
      55 |         console.log('  - Admin logged in');
      56 |
      57 |         // ============================================
        at /Applications/XAMPP/xamppfiles/htdocs/Lavandaria/tests/e2e/admin-delete-operations.spec.js:54:20

    attachment #1: screenshot (image/png) ──────────────────────────────────────────────────────────
    ../../test-results/admin-delete-operations-Ad-4a551-T-NULL-not-CASCADE-deleted--chromium-retry1/test-failed-1.png
    ────────────────────────────────────────────────────────────────────────────────────────────────

    attachment #2: video (video/webm) ──────────────────────────────────────────────────────────────
    ../../test-results/admin-delete-operations-Ad-4a551-T-NULL-not-CASCADE-deleted--chromium-retry1/video.webm
    ────────────────────────────────────────────────────────────────────────────────────────────────

    Error Context: ../../test-results/admin-delete-operations-Ad-4a551-T-NULL-not-CASCADE-deleted--chromium-retry1/error-context.md

    attachment #4: trace (application/zip) ─────────────────────────────────────────────────────────
    ../../test-results/admin-delete-operations-Ad-4a551-T-NULL-not-CASCADE-deleted--chromium-retry1/trace.zip
    Usage:

        npx playwright show-trace ../../test-results/admin-delete-operations-Ad-4a551-T-NULL-not-CASCADE-deleted--chromium-retry1/trace.zip

    ────────────────────────────────────────────────────────────────────────────────────────────────

    Retry #2 ───────────────────────────────────────────────────────────────────────────────────────

    TimeoutError: page.waitForURL: Timeout 10000ms exceeded.
    =========================== logs ===========================
    waiting for navigation until "load"
    ============================================================

      52 |         await loginButton.click();
      53 |
    > 54 |         await page.waitForURL(/\/dashboard/, { timeout: 10000 });
         |                    ^
      55 |         console.log('  - Admin logged in');
      56 |
      57 |         // ============================================
        at /Applications/XAMPP/xamppfiles/htdocs/Lavandaria/tests/e2e/admin-delete-operations.spec.js:54:20

    attachment #1: screenshot (image/png) ──────────────────────────────────────────────────────────
    ../../test-results/admin-delete-operations-Ad-4a551-T-NULL-not-CASCADE-deleted--chromium-retry2/test-failed-1.png
    ────────────────────────────────────────────────────────────────────────────────────────────────

    attachment #2: video (video/webm) ──────────────────────────────────────────────────────────────
    ../../test-results/admin-delete-operations-Ad-4a551-T-NULL-not-CASCADE-deleted--chromium-retry2/video.webm
    ────────────────────────────────────────────────────────────────────────────────────────────────

    Error Context: ../../test-results/admin-delete-operations-Ad-4a551-T-NULL-not-CASCADE-deleted--chromium-retry2/error-context.md

    attachment #4: trace (application/zip) ─────────────────────────────────────────────────────────
    ../../test-results/admin-delete-operations-Ad-4a551-T-NULL-not-CASCADE-deleted--chromium-retry2/trace.zip
    Usage:

        npx playwright show-trace ../../test-results/admin-delete-operations-Ad-4a551-T-NULL-not-CASCADE-deleted--chromium-retry2/trace.zip

    ────────────────────────────────────────────────────────────────────────────────────────────────
]]>
</failure>
<system-out>
<![CDATA[🗑️  Test 1: Delete Worker → Job SET NULL

[[ATTACHMENT|admin-delete-operations-Ad-4a551-T-NULL-not-CASCADE-deleted--chromium/test-failed-1.png]]

[[ATTACHMENT|admin-delete-operations-Ad-4a551-T-NULL-not-CASCADE-deleted--chromium/video.webm]]

[[ATTACHMENT|admin-delete-operations-Ad-4a551-T-NULL-not-CASCADE-deleted--chromium/error-context.md]]

[[ATTACHMENT|admin-delete-operations-Ad-4a551-T-NULL-not-CASCADE-deleted--chromium/trace.zip]]
🗑️  Test 1: Delete Worker → Job SET NULL

[[ATTACHMENT|admin-delete-operations-Ad-4a551-T-NULL-not-CASCADE-deleted--chromium-retry1/test-failed-1.png]]

[[ATTACHMENT|admin-delete-operations-Ad-4a551-T-NULL-not-CASCADE-deleted--chromium-retry1/video.webm]]

[[ATTACHMENT|admin-delete-operations-Ad-4a551-T-NULL-not-CASCADE-deleted--chromium-retry1/error-context.md]]

[[ATTACHMENT|admin-delete-operations-Ad-4a551-T-NULL-not-CASCADE-deleted--chromium-retry1/trace.zip]]
🗑️  Test 1: Delete Worker → Job SET NULL

[[ATTACHMENT|admin-delete-operations-Ad-4a551-T-NULL-not-CASCADE-deleted--chromium-retry2/test-failed-1.png]]

[[ATTACHMENT|admin-delete-operations-Ad-4a551-T-NULL-not-CASCADE-deleted--chromium-retry2/video.webm]]

[[ATTACHMENT|admin-delete-operations-Ad-4a551-T-NULL-not-CASCADE-deleted--chromium-retry2/error-context.md]]

[[ATTACHMENT|admin-delete-operations-Ad-4a551-T-NULL-not-CASCADE-deleted--chromium-retry2/trace.zip]]
]]>
</system-out>
</testcase>
<testcase name="Admin - Delete Operations (Cascade &amp; SET NULL) › Delete Client: Orders should CASCADE DELETE" classname="admin-delete-operations.spec.js" time="33.643">
<failure message="admin-delete-operations.spec.js:215:5 Delete Client: Orders should CASCADE DELETE" type="FAILURE">
<![CDATA[  [chromium] › admin-delete-operations.spec.js:215:5 › Admin - Delete Operations (Cascade & SET NULL) › Delete Client: Orders should CASCADE DELETE 

    TimeoutError: page.waitForURL: Timeout 10000ms exceeded.
    =========================== logs ===========================
    waiting for navigation until "load"
    ============================================================

      233 |         await loginButton.click();
      234 |
    > 235 |         await page.waitForURL(/\/dashboard/, { timeout: 10000 });
          |                    ^
      236 |         console.log('  - Admin logged in');
      237 |
      238 |         // ============================================
        at /Applications/XAMPP/xamppfiles/htdocs/Lavandaria/tests/e2e/admin-delete-operations.spec.js:235:20

    attachment #1: screenshot (image/png) ──────────────────────────────────────────────────────────
    ../../test-results/admin-delete-operations-Ad-22331-rders-should-CASCADE-DELETE-chromium/test-failed-1.png
    ────────────────────────────────────────────────────────────────────────────────────────────────

    attachment #2: video (video/webm) ──────────────────────────────────────────────────────────────
    ../../test-results/admin-delete-operations-Ad-22331-rders-should-CASCADE-DELETE-chromium/video.webm
    ────────────────────────────────────────────────────────────────────────────────────────────────

    Error Context: ../../test-results/admin-delete-operations-Ad-22331-rders-should-CASCADE-DELETE-chromium/error-context.md

    attachment #4: trace (application/zip) ─────────────────────────────────────────────────────────
    ../../test-results/admin-delete-operations-Ad-22331-rders-should-CASCADE-DELETE-chromium/trace.zip
    Usage:

        npx playwright show-trace ../../test-results/admin-delete-operations-Ad-22331-rders-should-CASCADE-DELETE-chromium/trace.zip

    ────────────────────────────────────────────────────────────────────────────────────────────────

    Retry #1 ───────────────────────────────────────────────────────────────────────────────────────

    TimeoutError: page.waitForURL: Timeout 10000ms exceeded.
    =========================== logs ===========================
    waiting for navigation until "load"
    ============================================================

      233 |         await loginButton.click();
      234 |
    > 235 |         await page.waitForURL(/\/dashboard/, { timeout: 10000 });
          |                    ^
      236 |         console.log('  - Admin logged in');
      237 |
      238 |         // ============================================
        at /Applications/XAMPP/xamppfiles/htdocs/Lavandaria/tests/e2e/admin-delete-operations.spec.js:235:20

    attachment #1: screenshot (image/png) ──────────────────────────────────────────────────────────
    ../../test-results/admin-delete-operations-Ad-22331-rders-should-CASCADE-DELETE-chromium-retry1/test-failed-1.png
    ────────────────────────────────────────────────────────────────────────────────────────────────

    attachment #2: video (video/webm) ──────────────────────────────────────────────────────────────
    ../../test-results/admin-delete-operations-Ad-22331-rders-should-CASCADE-DELETE-chromium-retry1/video.webm
    ────────────────────────────────────────────────────────────────────────────────────────────────

    Error Context: ../../test-results/admin-delete-operations-Ad-22331-rders-should-CASCADE-DELETE-chromium-retry1/error-context.md

    attachment #4: trace (application/zip) ─────────────────────────────────────────────────────────
    ../../test-results/admin-delete-operations-Ad-22331-rders-should-CASCADE-DELETE-chromium-retry1/trace.zip
    Usage:

        npx playwright show-trace ../../test-results/admin-delete-operations-Ad-22331-rders-should-CASCADE-DELETE-chromium-retry1/trace.zip

    ────────────────────────────────────────────────────────────────────────────────────────────────

    Retry #2 ───────────────────────────────────────────────────────────────────────────────────────

    TimeoutError: page.waitForURL: Timeout 10000ms exceeded.
    =========================== logs ===========================
    waiting for navigation until "load"
    ============================================================

      233 |         await loginButton.click();
      234 |
    > 235 |         await page.waitForURL(/\/dashboard/, { timeout: 10000 });
          |                    ^
      236 |         console.log('  - Admin logged in');
      237 |
      238 |         // ============================================
        at /Applications/XAMPP/xamppfiles/htdocs/Lavandaria/tests/e2e/admin-delete-operations.spec.js:235:20

    attachment #1: screenshot (image/png) ──────────────────────────────────────────────────────────
    ../../test-results/admin-delete-operations-Ad-22331-rders-should-CASCADE-DELETE-chromium-retry2/test-failed-1.png
    ────────────────────────────────────────────────────────────────────────────────────────────────

    attachment #2: video (video/webm) ──────────────────────────────────────────────────────────────
    ../../test-results/admin-delete-operations-Ad-22331-rders-should-CASCADE-DELETE-chromium-retry2/video.webm
    ────────────────────────────────────────────────────────────────────────────────────────────────

    Error Context: ../../test-results/admin-delete-operations-Ad-22331-rders-should-CASCADE-DELETE-chromium-retry2/error-context.md

    attachment #4: trace (application/zip) ─────────────────────────────────────────────────────────
    ../../test-results/admin-delete-operations-Ad-22331-rders-should-CASCADE-DELETE-chromium-retry2/trace.zip
    Usage:

        npx playwright show-trace ../../test-results/admin-delete-operations-Ad-22331-rders-should-CASCADE-DELETE-chromium-retry2/trace.zip

    ────────────────────────────────────────────────────────────────────────────────────────────────
]]>
</failure>
<system-out>
<![CDATA[🗑️  Test 2: Delete Client → Orders CASCADE

[[ATTACHMENT|admin-delete-operations-Ad-22331-rders-should-CASCADE-DELETE-chromium/test-failed-1.png]]

[[ATTACHMENT|admin-delete-operations-Ad-22331-rders-should-CASCADE-DELETE-chromium/video.webm]]

[[ATTACHMENT|admin-delete-operations-Ad-22331-rders-should-CASCADE-DELETE-chromium/error-context.md]]

[[ATTACHMENT|admin-delete-operations-Ad-22331-rders-should-CASCADE-DELETE-chromium/trace.zip]]
🗑️  Test 2: Delete Client → Orders CASCADE

[[ATTACHMENT|admin-delete-operations-Ad-22331-rders-should-CASCADE-DELETE-chromium-retry1/test-failed-1.png]]

[[ATTACHMENT|admin-delete-operations-Ad-22331-rders-should-CASCADE-DELETE-chromium-retry1/video.webm]]

[[ATTACHMENT|admin-delete-operations-Ad-22331-rders-should-CASCADE-DELETE-chromium-retry1/error-context.md]]

[[ATTACHMENT|admin-delete-operations-Ad-22331-rders-should-CASCADE-DELETE-chromium-retry1/trace.zip]]
🗑️  Test 2: Delete Client → Orders CASCADE

[[ATTACHMENT|admin-delete-operations-Ad-22331-rders-should-CASCADE-DELETE-chromium-retry2/test-failed-1.png]]

[[ATTACHMENT|admin-delete-operations-Ad-22331-rders-should-CASCADE-DELETE-chromium-retry2/video.webm]]

[[ATTACHMENT|admin-delete-operations-Ad-22331-rders-should-CASCADE-DELETE-chromium-retry2/error-context.md]]

[[ATTACHMENT|admin-delete-operations-Ad-22331-rders-should-CASCADE-DELETE-chromium-retry2/trace.zip]]
]]>
</system-out>
</testcase>
</testsuite>
<testsuite name="check-errors.spec.js" timestamp="2025-11-09T11:33:42.655Z" hostname="chromium" tests="1" failures="0" skipped="0" time="2.602" errors="0">
<testcase name="Check for errors on page" classname="check-errors.spec.js" time="2.602">
<system-out>
<![CDATA[=== ERRORS ===
None

=== WARNINGS ===
[
  [32m'⚠️  [AuthContext] Auth check failed - condition not met'[39m,
  [32m'  - success: false'[39m,
  [32m'  - data: undefined'[39m,
  [32m'  - authenticated: undefined'[39m
]

=== DOM INSPECTION ===
{
  "formExists": true,
  "loginButtonExists": true,
  "loginButtonHTML": "<button type=\"button\" class=\"w-full bg-gradient-to-r from-blue-600 to-purple-600 text-white py-3.5 r",
  "componentRendered": true,
  "windowSize": {
    "width": 1280,
    "height": 720
  },
  "documentReady": "complete"
}

[[ATTACHMENT|check-errors-Check-for-errors-on-page-chromium/test-finished-1.png]]

[[ATTACHMENT|check-errors-Check-for-errors-on-page-chromium/video.webm]]

[[ATTACHMENT|check-errors-Check-for-errors-on-page-chromium/trace.zip]]
]]>
</system-out>
</testcase>
</testsuite>
<testsuite name="check-showlogin.spec.js" timestamp="2025-11-09T11:33:42.655Z" hostname="chromium" tests="1" failures="0" skipped="0" time="2.496" errors="0">
<testcase name="Check showLogin state" classname="check-showlogin.spec.js" time="2.496">
<system-out>
<![CDATA[=== PAGE STATE ===
{
  "loginFormExists": true,
  "totalButtons": 4,
  "formButtons": 1,
  "allButtonTexts": [
    "Back",
    "Client",
    "Staff",
    "Login"
  ]
}

=== CONSOLE LOGS (last 10) ===

[[ATTACHMENT|check-showlogin-Check-showLogin-state-chromium/test-finished-1.png]]

[[ATTACHMENT|check-showlogin-Check-showLogin-state-chromium/video.webm]]

[[ATTACHMENT|check-showlogin-Check-showLogin-state-chromium/trace.zip]]
]]>
</system-out>
</testcase>
</testsuite>
<testsuite name="client-photo-viewing.spec.js" timestamp="2025-11-09T11:33:42.655Z" hostname="chromium" tests="11" failures="11" skipped="0" time="383.567" errors="0">
<testcase name="Client Photo Viewing - Complete Set Access › client can view all photos for their own job" classname="client-photo-viewing.spec.js" time="34.835">
<failure message="client-photo-viewing.spec.js:75:5 client can view all photos for their own job" type="FAILURE">
<![CDATA[  [chromium] › client-photo-viewing.spec.js:75:5 › Client Photo Viewing - Complete Set Access › client can view all photos for their own job 

    TimeoutError: locator.fill: Timeout 10000ms exceeded.
    Call log:
      - waiting for getByPlaceholder(/phone/i)


      48 |
      49 |     // Fill credentials using placeholders
    > 50 |     await page.getByPlaceholder(/phone/i).fill(CLIENT_CREDENTIALS.phone);
         |                                           ^
      51 |     await page.getByPlaceholder(/password/i).fill(CLIENT_CREDENTIALS.password);
      52 |
      53 |     // Submit login form
        at loginAsClient (/Applications/XAMPP/xamppfiles/htdocs/Lavandaria/tests/e2e/client-photo-viewing.spec.js:50:43)
        at /Applications/XAMPP/xamppfiles/htdocs/Lavandaria/tests/e2e/client-photo-viewing.spec.js:72:9

    attachment #1: screenshot (image/png) ──────────────────────────────────────────────────────────
    ../../test-results/client-photo-viewing-Clien-be734-ll-photos-for-their-own-job-chromium/test-failed-1.png
    ────────────────────────────────────────────────────────────────────────────────────────────────

    attachment #2: video (video/webm) ──────────────────────────────────────────────────────────────
    ../../test-results/client-photo-viewing-Clien-be734-ll-photos-for-their-own-job-chromium/video.webm
    ────────────────────────────────────────────────────────────────────────────────────────────────

    Error Context: ../../test-results/client-photo-viewing-Clien-be734-ll-photos-for-their-own-job-chromium/error-context.md

    attachment #4: trace (application/zip) ─────────────────────────────────────────────────────────
    ../../test-results/client-photo-viewing-Clien-be734-ll-photos-for-their-own-job-chromium/trace.zip
    Usage:

        npx playwright show-trace ../../test-results/client-photo-viewing-Clien-be734-ll-photos-for-their-own-job-chromium/trace.zip

    ────────────────────────────────────────────────────────────────────────────────────────────────

    Retry #1 ───────────────────────────────────────────────────────────────────────────────────────

    TimeoutError: locator.fill: Timeout 10000ms exceeded.
    Call log:
      - waiting for getByPlaceholder(/phone/i)


      48 |
      49 |     // Fill credentials using placeholders
    > 50 |     await page.getByPlaceholder(/phone/i).fill(CLIENT_CREDENTIALS.phone);
         |                                           ^
      51 |     await page.getByPlaceholder(/password/i).fill(CLIENT_CREDENTIALS.password);
      52 |
      53 |     // Submit login form
        at loginAsClient (/Applications/XAMPP/xamppfiles/htdocs/Lavandaria/tests/e2e/client-photo-viewing.spec.js:50:43)
        at /Applications/XAMPP/xamppfiles/htdocs/Lavandaria/tests/e2e/client-photo-viewing.spec.js:72:9

    attachment #1: screenshot (image/png) ──────────────────────────────────────────────────────────
    ../../test-results/client-photo-viewing-Clien-be734-ll-photos-for-their-own-job-chromium-retry1/test-failed-1.png
    ────────────────────────────────────────────────────────────────────────────────────────────────

    attachment #2: video (video/webm) ──────────────────────────────────────────────────────────────
    ../../test-results/client-photo-viewing-Clien-be734-ll-photos-for-their-own-job-chromium-retry1/video.webm
    ────────────────────────────────────────────────────────────────────────────────────────────────

    Error Context: ../../test-results/client-photo-viewing-Clien-be734-ll-photos-for-their-own-job-chromium-retry1/error-context.md

    attachment #4: trace (application/zip) ─────────────────────────────────────────────────────────
    ../../test-results/client-photo-viewing-Clien-be734-ll-photos-for-their-own-job-chromium-retry1/trace.zip
    Usage:

        npx playwright show-trace ../../test-results/client-photo-viewing-Clien-be734-ll-photos-for-their-own-job-chromium-retry1/trace.zip

    ────────────────────────────────────────────────────────────────────────────────────────────────

    Retry #2 ───────────────────────────────────────────────────────────────────────────────────────

    TimeoutError: locator.fill: Timeout 10000ms exceeded.
    Call log:
      - waiting for getByPlaceholder(/phone/i)


      48 |
      49 |     // Fill credentials using placeholders
    > 50 |     await page.getByPlaceholder(/phone/i).fill(CLIENT_CREDENTIALS.phone);
         |                                           ^
      51 |     await page.getByPlaceholder(/password/i).fill(CLIENT_CREDENTIALS.password);
      52 |
      53 |     // Submit login form
        at loginAsClient (/Applications/XAMPP/xamppfiles/htdocs/Lavandaria/tests/e2e/client-photo-viewing.spec.js:50:43)
        at /Applications/XAMPP/xamppfiles/htdocs/Lavandaria/tests/e2e/client-photo-viewing.spec.js:72:9

    attachment #1: screenshot (image/png) ──────────────────────────────────────────────────────────
    ../../test-results/client-photo-viewing-Clien-be734-ll-photos-for-their-own-job-chromium-retry2/test-failed-1.png
    ────────────────────────────────────────────────────────────────────────────────────────────────

    attachment #2: video (video/webm) ──────────────────────────────────────────────────────────────
    ../../test-results/client-photo-viewing-Clien-be734-ll-photos-for-their-own-job-chromium-retry2/video.webm
    ────────────────────────────────────────────────────────────────────────────────────────────────

    Error Context: ../../test-results/client-photo-viewing-Clien-be734-ll-photos-for-their-own-job-chromium-retry2/error-context.md

    attachment #4: trace (application/zip) ─────────────────────────────────────────────────────────
    ../../test-results/client-photo-viewing-Clien-be734-ll-photos-for-their-own-job-chromium-retry2/trace.zip
    Usage:

        npx playwright show-trace ../../test-results/client-photo-viewing-Clien-be734-ll-photos-for-their-own-job-chromium-retry2/trace.zip

    ────────────────────────────────────────────────────────────────────────────────────────────────
]]>
</failure>
<system-out>
<![CDATA[
[[ATTACHMENT|client-photo-viewing-Clien-be734-ll-photos-for-their-own-job-chromium/test-failed-1.png]]

[[ATTACHMENT|client-photo-viewing-Clien-be734-ll-photos-for-their-own-job-chromium/video.webm]]

[[ATTACHMENT|client-photo-viewing-Clien-be734-ll-photos-for-their-own-job-chromium/error-context.md]]

[[ATTACHMENT|client-photo-viewing-Clien-be734-ll-photos-for-their-own-job-chromium/trace.zip]]

[[ATTACHMENT|client-photo-viewing-Clien-be734-ll-photos-for-their-own-job-chromium-retry1/test-failed-1.png]]

[[ATTACHMENT|client-photo-viewing-Clien-be734-ll-photos-for-their-own-job-chromium-retry1/video.webm]]

[[ATTACHMENT|client-photo-viewing-Clien-be734-ll-photos-for-their-own-job-chromium-retry1/error-context.md]]

[[ATTACHMENT|client-photo-viewing-Clien-be734-ll-photos-for-their-own-job-chromium-retry1/trace.zip]]

[[ATTACHMENT|client-photo-viewing-Clien-be734-ll-photos-for-their-own-job-chromium-retry2/test-failed-1.png]]

[[ATTACHMENT|client-photo-viewing-Clien-be734-ll-photos-for-their-own-job-chromium-retry2/video.webm]]

[[ATTACHMENT|client-photo-viewing-Clien-be734-ll-photos-for-their-own-job-chromium-retry2/error-context.md]]

[[ATTACHMENT|client-photo-viewing-Clien-be734-ll-photos-for-their-own-job-chromium-retry2/trace.zip]]
]]>
</system-out>
</testcase>
<testcase name="Client Photo Viewing - Complete Set Access › client can paginate through large photo sets" classname="client-photo-viewing.spec.js" time="34.872">
<failure message="client-photo-viewing.spec.js:99:5 client can paginate through large photo sets" type="FAILURE">
<![CDATA[  [chromium] › client-photo-viewing.spec.js:99:5 › Client Photo Viewing - Complete Set Access › client can paginate through large photo sets 

    TimeoutError: locator.fill: Timeout 10000ms exceeded.
    Call log:
      - waiting for getByPlaceholder(/phone/i)


      48 |
      49 |     // Fill credentials using placeholders
    > 50 |     await page.getByPlaceholder(/phone/i).fill(CLIENT_CREDENTIALS.phone);
         |                                           ^
      51 |     await page.getByPlaceholder(/password/i).fill(CLIENT_CREDENTIALS.password);
      52 |
      53 |     // Submit login form
        at loginAsClient (/Applications/XAMPP/xamppfiles/htdocs/Lavandaria/tests/e2e/client-photo-viewing.spec.js:50:43)
        at /Applications/XAMPP/xamppfiles/htdocs/Lavandaria/tests/e2e/client-photo-viewing.spec.js:72:9

    attachment #1: screenshot (image/png) ──────────────────────────────────────────────────────────
    ../../test-results/client-photo-viewing-Clien-4d55e-te-through-large-photo-sets-chromium/test-failed-1.png
    ────────────────────────────────────────────────────────────────────────────────────────────────

    attachment #2: video (video/webm) ──────────────────────────────────────────────────────────────
    ../../test-results/client-photo-viewing-Clien-4d55e-te-through-large-photo-sets-chromium/video.webm
    ────────────────────────────────────────────────────────────────────────────────────────────────

    Error Context: ../../test-results/client-photo-viewing-Clien-4d55e-te-through-large-photo-sets-chromium/error-context.md

    attachment #4: trace (application/zip) ─────────────────────────────────────────────────────────
    ../../test-results/client-photo-viewing-Clien-4d55e-te-through-large-photo-sets-chromium/trace.zip
    Usage:

        npx playwright show-trace ../../test-results/client-photo-viewing-Clien-4d55e-te-through-large-photo-sets-chromium/trace.zip

    ────────────────────────────────────────────────────────────────────────────────────────────────

    Retry #1 ───────────────────────────────────────────────────────────────────────────────────────

    TimeoutError: locator.fill: Timeout 10000ms exceeded.
    Call log:
      - waiting for getByPlaceholder(/phone/i)


      48 |
      49 |     // Fill credentials using placeholders
    > 50 |     await page.getByPlaceholder(/phone/i).fill(CLIENT_CREDENTIALS.phone);
         |                                           ^
      51 |     await page.getByPlaceholder(/password/i).fill(CLIENT_CREDENTIALS.password);
      52 |
      53 |     // Submit login form
        at loginAsClient (/Applications/XAMPP/xamppfiles/htdocs/Lavandaria/tests/e2e/client-photo-viewing.spec.js:50:43)
        at /Applications/XAMPP/xamppfiles/htdocs/Lavandaria/tests/e2e/client-photo-viewing.spec.js:72:9

    attachment #1: screenshot (image/png) ──────────────────────────────────────────────────────────
    ../../test-results/client-photo-viewing-Clien-4d55e-te-through-large-photo-sets-chromium-retry1/test-failed-1.png
    ────────────────────────────────────────────────────────────────────────────────────────────────

    attachment #2: video (video/webm) ──────────────────────────────────────────────────────────────
    ../../test-results/client-photo-viewing-Clien-4d55e-te-through-large-photo-sets-chromium-retry1/video.webm
    ────────────────────────────────────────────────────────────────────────────────────────────────

    Error Context: ../../test-results/client-photo-viewing-Clien-4d55e-te-through-large-photo-sets-chromium-retry1/error-context.md

    attachment #4: trace (application/zip) ─────────────────────────────────────────────────────────
    ../../test-results/client-photo-viewing-Clien-4d55e-te-through-large-photo-sets-chromium-retry1/trace.zip
    Usage:

        npx playwright show-trace ../../test-results/client-photo-viewing-Clien-4d55e-te-through-large-photo-sets-chromium-retry1/trace.zip

    ────────────────────────────────────────────────────────────────────────────────────────────────

    Retry #2 ───────────────────────────────────────────────────────────────────────────────────────

    TimeoutError: locator.fill: Timeout 10000ms exceeded.
    Call log:
      - waiting for getByPlaceholder(/phone/i)


      48 |
      49 |     // Fill credentials using placeholders
    > 50 |     await page.getByPlaceholder(/phone/i).fill(CLIENT_CREDENTIALS.phone);
         |                                           ^
      51 |     await page.getByPlaceholder(/password/i).fill(CLIENT_CREDENTIALS.password);
      52 |
      53 |     // Submit login form
        at loginAsClient (/Applications/XAMPP/xamppfiles/htdocs/Lavandaria/tests/e2e/client-photo-viewing.spec.js:50:43)
        at /Applications/XAMPP/xamppfiles/htdocs/Lavandaria/tests/e2e/client-photo-viewing.spec.js:72:9

    attachment #1: screenshot (image/png) ──────────────────────────────────────────────────────────
    ../../test-results/client-photo-viewing-Clien-4d55e-te-through-large-photo-sets-chromium-retry2/test-failed-1.png
    ────────────────────────────────────────────────────────────────────────────────────────────────

    attachment #2: video (video/webm) ──────────────────────────────────────────────────────────────
    ../../test-results/client-photo-viewing-Clien-4d55e-te-through-large-photo-sets-chromium-retry2/video.webm
    ────────────────────────────────────────────────────────────────────────────────────────────────

    Error Context: ../../test-results/client-photo-viewing-Clien-4d55e-te-through-large-photo-sets-chromium-retry2/error-context.md

    attachment #4: trace (application/zip) ─────────────────────────────────────────────────────────
    ../../test-results/client-photo-viewing-Clien-4d55e-te-through-large-photo-sets-chromium-retry2/trace.zip
    Usage:

        npx playwright show-trace ../../test-results/client-photo-viewing-Clien-4d55e-te-through-large-photo-sets-chromium-retry2/trace.zip

    ────────────────────────────────────────────────────────────────────────────────────────────────
]]>
</failure>
<system-out>
<![CDATA[
[[ATTACHMENT|client-photo-viewing-Clien-4d55e-te-through-large-photo-sets-chromium/test-failed-1.png]]

[[ATTACHMENT|client-photo-viewing-Clien-4d55e-te-through-large-photo-sets-chromium/video.webm]]

[[ATTACHMENT|client-photo-viewing-Clien-4d55e-te-through-large-photo-sets-chromium/error-context.md]]

[[ATTACHMENT|client-photo-viewing-Clien-4d55e-te-through-large-photo-sets-chromium/trace.zip]]

[[ATTACHMENT|client-photo-viewing-Clien-4d55e-te-through-large-photo-sets-chromium-retry1/test-failed-1.png]]

[[ATTACHMENT|client-photo-viewing-Clien-4d55e-te-through-large-photo-sets-chromium-retry1/video.webm]]

[[ATTACHMENT|client-photo-viewing-Clien-4d55e-te-through-large-photo-sets-chromium-retry1/error-context.md]]

[[ATTACHMENT|client-photo-viewing-Clien-4d55e-te-through-large-photo-sets-chromium-retry1/trace.zip]]

[[ATTACHMENT|client-photo-viewing-Clien-4d55e-te-through-large-photo-sets-chromium-retry2/test-failed-1.png]]

[[ATTACHMENT|client-photo-viewing-Clien-4d55e-te-through-large-photo-sets-chromium-retry2/video.webm]]

[[ATTACHMENT|client-photo-viewing-Clien-4d55e-te-through-large-photo-sets-chromium-retry2/error-context.md]]

[[ATTACHMENT|client-photo-viewing-Clien-4d55e-te-through-large-photo-sets-chromium-retry2/trace.zip]]
]]>
</system-out>
</testcase>
<testcase name="Client Photo Viewing - Complete Set Access › client viewing photos marks them as viewed" classname="client-photo-viewing.spec.js" time="34.858">
<failure message="client-photo-viewing.spec.js:122:5 client viewing photos marks them as viewed" type="FAILURE">
<![CDATA[  [chromium] › client-photo-viewing.spec.js:122:5 › Client Photo Viewing - Complete Set Access › client viewing photos marks them as viewed 

    TimeoutError: locator.fill: Timeout 10000ms exceeded.
    Call log:
      - waiting for getByPlaceholder(/phone/i)


      48 |
      49 |     // Fill credentials using placeholders
    > 50 |     await page.getByPlaceholder(/phone/i).fill(CLIENT_CREDENTIALS.phone);
         |                                           ^
      51 |     await page.getByPlaceholder(/password/i).fill(CLIENT_CREDENTIALS.password);
      52 |
      53 |     // Submit login form
        at loginAsClient (/Applications/XAMPP/xamppfiles/htdocs/Lavandaria/tests/e2e/client-photo-viewing.spec.js:50:43)
        at /Applications/XAMPP/xamppfiles/htdocs/Lavandaria/tests/e2e/client-photo-viewing.spec.js:72:9

    attachment #1: screenshot (image/png) ──────────────────────────────────────────────────────────
    ../../test-results/client-photo-viewing-Clien-23931-photos-marks-them-as-viewed-chromium/test-failed-1.png
    ────────────────────────────────────────────────────────────────────────────────────────────────

    attachment #2: video (video/webm) ──────────────────────────────────────────────────────────────
    ../../test-results/client-photo-viewing-Clien-23931-photos-marks-them-as-viewed-chromium/video.webm
    ────────────────────────────────────────────────────────────────────────────────────────────────

    Error Context: ../../test-results/client-photo-viewing-Clien-23931-photos-marks-them-as-viewed-chromium/error-context.md

    attachment #4: trace (application/zip) ─────────────────────────────────────────────────────────
    ../../test-results/client-photo-viewing-Clien-23931-photos-marks-them-as-viewed-chromium/trace.zip
    Usage:

        npx playwright show-trace ../../test-results/client-photo-viewing-Clien-23931-photos-marks-them-as-viewed-chromium/trace.zip

    ────────────────────────────────────────────────────────────────────────────────────────────────

    Retry #1 ───────────────────────────────────────────────────────────────────────────────────────

    TimeoutError: locator.fill: Timeout 10000ms exceeded.
    Call log:
      - waiting for getByPlaceholder(/phone/i)


      48 |
      49 |     // Fill credentials using placeholders
    > 50 |     await page.getByPlaceholder(/phone/i).fill(CLIENT_CREDENTIALS.phone);
         |                                           ^
      51 |     await page.getByPlaceholder(/password/i).fill(CLIENT_CREDENTIALS.password);
      52 |
      53 |     // Submit login form
        at loginAsClient (/Applications/XAMPP/xamppfiles/htdocs/Lavandaria/tests/e2e/client-photo-viewing.spec.js:50:43)
        at /Applications/XAMPP/xamppfiles/htdocs/Lavandaria/tests/e2e/client-photo-viewing.spec.js:72:9

    attachment #1: screenshot (image/png) ──────────────────────────────────────────────────────────
    ../../test-results/client-photo-viewing-Clien-23931-photos-marks-them-as-viewed-chromium-retry1/test-failed-1.png
    ────────────────────────────────────────────────────────────────────────────────────────────────

    attachment #2: video (video/webm) ──────────────────────────────────────────────────────────────
    ../../test-results/client-photo-viewing-Clien-23931-photos-marks-them-as-viewed-chromium-retry1/video.webm
    ────────────────────────────────────────────────────────────────────────────────────────────────

    Error Context: ../../test-results/client-photo-viewing-Clien-23931-photos-marks-them-as-viewed-chromium-retry1/error-context.md

    attachment #4: trace (application/zip) ─────────────────────────────────────────────────────────
    ../../test-results/client-photo-viewing-Clien-23931-photos-marks-them-as-viewed-chromium-retry1/trace.zip
    Usage:

        npx playwright show-trace ../../test-results/client-photo-viewing-Clien-23931-photos-marks-them-as-viewed-chromium-retry1/trace.zip

    ────────────────────────────────────────────────────────────────────────────────────────────────

    Retry #2 ───────────────────────────────────────────────────────────────────────────────────────

    TimeoutError: locator.fill: Timeout 10000ms exceeded.
    Call log:
      - waiting for getByPlaceholder(/phone/i)


      48 |
      49 |     // Fill credentials using placeholders
    > 50 |     await page.getByPlaceholder(/phone/i).fill(CLIENT_CREDENTIALS.phone);
         |                                           ^
      51 |     await page.getByPlaceholder(/password/i).fill(CLIENT_CREDENTIALS.password);
      52 |
      53 |     // Submit login form
        at loginAsClient (/Applications/XAMPP/xamppfiles/htdocs/Lavandaria/tests/e2e/client-photo-viewing.spec.js:50:43)
        at /Applications/XAMPP/xamppfiles/htdocs/Lavandaria/tests/e2e/client-photo-viewing.spec.js:72:9

    attachment #1: screenshot (image/png) ──────────────────────────────────────────────────────────
    ../../test-results/client-photo-viewing-Clien-23931-photos-marks-them-as-viewed-chromium-retry2/test-failed-1.png
    ────────────────────────────────────────────────────────────────────────────────────────────────

    attachment #2: video (video/webm) ──────────────────────────────────────────────────────────────
    ../../test-results/client-photo-viewing-Clien-23931-photos-marks-them-as-viewed-chromium-retry2/video.webm
    ────────────────────────────────────────────────────────────────────────────────────────────────

    Error Context: ../../test-results/client-photo-viewing-Clien-23931-photos-marks-them-as-viewed-chromium-retry2/error-context.md

    attachment #4: trace (application/zip) ─────────────────────────────────────────────────────────
    ../../test-results/client-photo-viewing-Clien-23931-photos-marks-them-as-viewed-chromium-retry2/trace.zip
    Usage:

        npx playwright show-trace ../../test-results/client-photo-viewing-Clien-23931-photos-marks-them-as-viewed-chromium-retry2/trace.zip

    ────────────────────────────────────────────────────────────────────────────────────────────────
]]>
</failure>
<system-out>
<![CDATA[
[[ATTACHMENT|client-photo-viewing-Clien-23931-photos-marks-them-as-viewed-chromium/test-failed-1.png]]

[[ATTACHMENT|client-photo-viewing-Clien-23931-photos-marks-them-as-viewed-chromium/video.webm]]

[[ATTACHMENT|client-photo-viewing-Clien-23931-photos-marks-them-as-viewed-chromium/error-context.md]]

[[ATTACHMENT|client-photo-viewing-Clien-23931-photos-marks-them-as-viewed-chromium/trace.zip]]

[[ATTACHMENT|client-photo-viewing-Clien-23931-photos-marks-them-as-viewed-chromium-retry1/test-failed-1.png]]

[[ATTACHMENT|client-photo-viewing-Clien-23931-photos-marks-them-as-viewed-chromium-retry1/video.webm]]

[[ATTACHMENT|client-photo-viewing-Clien-23931-photos-marks-them-as-viewed-chromium-retry1/error-context.md]]

[[ATTACHMENT|client-photo-viewing-Clien-23931-photos-marks-them-as-viewed-chromium-retry1/trace.zip]]

[[ATTACHMENT|client-photo-viewing-Clien-23931-photos-marks-them-as-viewed-chromium-retry2/test-failed-1.png]]

[[ATTACHMENT|client-photo-viewing-Clien-23931-photos-marks-them-as-viewed-chromium-retry2/video.webm]]

[[ATTACHMENT|client-photo-viewing-Clien-23931-photos-marks-them-as-viewed-chromium-retry2/error-context.md]]

[[ATTACHMENT|client-photo-viewing-Clien-23931-photos-marks-them-as-viewed-chromium-retry2/trace.zip]]
]]>
</system-out>
</testcase>
<testcase name="Client Photo Viewing - Complete Set Access › client receives complete photo count even with many batches" classname="client-photo-viewing.spec.js" time="34.868">
<failure message="client-photo-viewing.spec.js:137:5 client receives complete photo count even with many batches" type="FAILURE">
<![CDATA[  [chromium] › client-photo-viewing.spec.js:137:5 › Client Photo Viewing - Complete Set Access › client receives complete photo count even with many batches 

    TimeoutError: locator.fill: Timeout 10000ms exceeded.
    Call log:
      - waiting for getByPlaceholder(/phone/i)


      48 |
      49 |     // Fill credentials using placeholders
    > 50 |     await page.getByPlaceholder(/phone/i).fill(CLIENT_CREDENTIALS.phone);
         |                                           ^
      51 |     await page.getByPlaceholder(/password/i).fill(CLIENT_CREDENTIALS.password);
      52 |
      53 |     // Submit login form
        at loginAsClient (/Applications/XAMPP/xamppfiles/htdocs/Lavandaria/tests/e2e/client-photo-viewing.spec.js:50:43)
        at /Applications/XAMPP/xamppfiles/htdocs/Lavandaria/tests/e2e/client-photo-viewing.spec.js:72:9

    attachment #1: screenshot (image/png) ──────────────────────────────────────────────────────────
    ../../test-results/client-photo-viewing-Clien-5fb19-ount-even-with-many-batches-chromium/test-failed-1.png
    ────────────────────────────────────────────────────────────────────────────────────────────────

    attachment #2: video (video/webm) ──────────────────────────────────────────────────────────────
    ../../test-results/client-photo-viewing-Clien-5fb19-ount-even-with-many-batches-chromium/video.webm
    ────────────────────────────────────────────────────────────────────────────────────────────────

    Error Context: ../../test-results/client-photo-viewing-Clien-5fb19-ount-even-with-many-batches-chromium/error-context.md

    attachment #4: trace (application/zip) ─────────────────────────────────────────────────────────
    ../../test-results/client-photo-viewing-Clien-5fb19-ount-even-with-many-batches-chromium/trace.zip
    Usage:

        npx playwright show-trace ../../test-results/client-photo-viewing-Clien-5fb19-ount-even-with-many-batches-chromium/trace.zip

    ────────────────────────────────────────────────────────────────────────────────────────────────

    Retry #1 ───────────────────────────────────────────────────────────────────────────────────────

    TimeoutError: locator.fill: Timeout 10000ms exceeded.
    Call log:
      - waiting for getByPlaceholder(/phone/i)


      48 |
      49 |     // Fill credentials using placeholders
    > 50 |     await page.getByPlaceholder(/phone/i).fill(CLIENT_CREDENTIALS.phone);
         |                                           ^
      51 |     await page.getByPlaceholder(/password/i).fill(CLIENT_CREDENTIALS.password);
      52 |
      53 |     // Submit login form
        at loginAsClient (/Applications/XAMPP/xamppfiles/htdocs/Lavandaria/tests/e2e/client-photo-viewing.spec.js:50:43)
        at /Applications/XAMPP/xamppfiles/htdocs/Lavandaria/tests/e2e/client-photo-viewing.spec.js:72:9

    attachment #1: screenshot (image/png) ──────────────────────────────────────────────────────────
    ../../test-results/client-photo-viewing-Clien-5fb19-ount-even-with-many-batches-chromium-retry1/test-failed-1.png
    ────────────────────────────────────────────────────────────────────────────────────────────────

    attachment #2: video (video/webm) ──────────────────────────────────────────────────────────────
    ../../test-results/client-photo-viewing-Clien-5fb19-ount-even-with-many-batches-chromium-retry1/video.webm
    ────────────────────────────────────────────────────────────────────────────────────────────────

    Error Context: ../../test-results/client-photo-viewing-Clien-5fb19-ount-even-with-many-batches-chromium-retry1/error-context.md

    attachment #4: trace (application/zip) ─────────────────────────────────────────────────────────
    ../../test-results/client-photo-viewing-Clien-5fb19-ount-even-with-many-batches-chromium-retry1/trace.zip
    Usage:

        npx playwright show-trace ../../test-results/client-photo-viewing-Clien-5fb19-ount-even-with-many-batches-chromium-retry1/trace.zip

    ────────────────────────────────────────────────────────────────────────────────────────────────

    Retry #2 ───────────────────────────────────────────────────────────────────────────────────────

    TimeoutError: locator.fill: Timeout 10000ms exceeded.
    Call log:
      - waiting for getByPlaceholder(/phone/i)


      48 |
      49 |     // Fill credentials using placeholders
    > 50 |     await page.getByPlaceholder(/phone/i).fill(CLIENT_CREDENTIALS.phone);
         |                                           ^
      51 |     await page.getByPlaceholder(/password/i).fill(CLIENT_CREDENTIALS.password);
      52 |
      53 |     // Submit login form
        at loginAsClient (/Applications/XAMPP/xamppfiles/htdocs/Lavandaria/tests/e2e/client-photo-viewing.spec.js:50:43)
        at /Applications/XAMPP/xamppfiles/htdocs/Lavandaria/tests/e2e/client-photo-viewing.spec.js:72:9

    attachment #1: screenshot (image/png) ──────────────────────────────────────────────────────────
    ../../test-results/client-photo-viewing-Clien-5fb19-ount-even-with-many-batches-chromium-retry2/test-failed-1.png
    ────────────────────────────────────────────────────────────────────────────────────────────────

    attachment #2: video (video/webm) ──────────────────────────────────────────────────────────────
    ../../test-results/client-photo-viewing-Clien-5fb19-ount-even-with-many-batches-chromium-retry2/video.webm
    ────────────────────────────────────────────────────────────────────────────────────────────────

    Error Context: ../../test-results/client-photo-viewing-Clien-5fb19-ount-even-with-many-batches-chromium-retry2/error-context.md

    attachment #4: trace (application/zip) ─────────────────────────────────────────────────────────
    ../../test-results/client-photo-viewing-Clien-5fb19-ount-even-with-many-batches-chromium-retry2/trace.zip
    Usage:

        npx playwright show-trace ../../test-results/client-photo-viewing-Clien-5fb19-ount-even-with-many-batches-chromium-retry2/trace.zip

    ────────────────────────────────────────────────────────────────────────────────────────────────
]]>
</failure>
<system-out>
<![CDATA[
[[ATTACHMENT|client-photo-viewing-Clien-5fb19-ount-even-with-many-batches-chromium/test-failed-1.png]]

[[ATTACHMENT|client-photo-viewing-Clien-5fb19-ount-even-with-many-batches-chromium/video.webm]]

[[ATTACHMENT|client-photo-viewing-Clien-5fb19-ount-even-with-many-batches-chromium/error-context.md]]

[[ATTACHMENT|client-photo-viewing-Clien-5fb19-ount-even-with-many-batches-chromium/trace.zip]]

[[ATTACHMENT|client-photo-viewing-Clien-5fb19-ount-even-with-many-batches-chromium-retry1/test-failed-1.png]]

[[ATTACHMENT|client-photo-viewing-Clien-5fb19-ount-even-with-many-batches-chromium-retry1/video.webm]]

[[ATTACHMENT|client-photo-viewing-Clien-5fb19-ount-even-with-many-batches-chromium-retry1/error-context.md]]

[[ATTACHMENT|client-photo-viewing-Clien-5fb19-ount-even-with-many-batches-chromium-retry1/trace.zip]]

[[ATTACHMENT|client-photo-viewing-Clien-5fb19-ount-even-with-many-batches-chromium-retry2/test-failed-1.png]]

[[ATTACHMENT|client-photo-viewing-Clien-5fb19-ount-even-with-many-batches-chromium-retry2/video.webm]]

[[ATTACHMENT|client-photo-viewing-Clien-5fb19-ount-even-with-many-batches-chromium-retry2/error-context.md]]

[[ATTACHMENT|client-photo-viewing-Clien-5fb19-ount-even-with-many-batches-chromium-retry2/trace.zip]]
]]>
</system-out>
</testcase>
<testcase name="Client Photo Viewing - RBAC Enforcement › client cannot access another client&apos;s job photos" classname="client-photo-viewing.spec.js" time="34.884">
<failure message="client-photo-viewing.spec.js:161:5 client cannot access another client&apos;s job photos" type="FAILURE">
<![CDATA[  [chromium] › client-photo-viewing.spec.js:161:5 › Client Photo Viewing - RBAC Enforcement › client cannot access another client's job photos 

    TimeoutError: locator.fill: Timeout 10000ms exceeded.
    Call log:
      - waiting for getByPlaceholder(/phone/i)


      48 |
      49 |     // Fill credentials using placeholders
    > 50 |     await page.getByPlaceholder(/phone/i).fill(CLIENT_CREDENTIALS.phone);
         |                                           ^
      51 |     await page.getByPlaceholder(/password/i).fill(CLIENT_CREDENTIALS.password);
      52 |
      53 |     // Submit login form
        at loginAsClient (/Applications/XAMPP/xamppfiles/htdocs/Lavandaria/tests/e2e/client-photo-viewing.spec.js:50:43)
        at /Applications/XAMPP/xamppfiles/htdocs/Lavandaria/tests/e2e/client-photo-viewing.spec.js:158:9

    attachment #1: screenshot (image/png) ──────────────────────────────────────────────────────────
    ../../test-results/client-photo-viewing-Clien-a2fd8-another-client-s-job-photos-chromium/test-failed-1.png
    ────────────────────────────────────────────────────────────────────────────────────────────────

    attachment #2: video (video/webm) ──────────────────────────────────────────────────────────────
    ../../test-results/client-photo-viewing-Clien-a2fd8-another-client-s-job-photos-chromium/video.webm
    ────────────────────────────────────────────────────────────────────────────────────────────────

    Error Context: ../../test-results/client-photo-viewing-Clien-a2fd8-another-client-s-job-photos-chromium/error-context.md

    attachment #4: trace (application/zip) ─────────────────────────────────────────────────────────
    ../../test-results/client-photo-viewing-Clien-a2fd8-another-client-s-job-photos-chromium/trace.zip
    Usage:

        npx playwright show-trace ../../test-results/client-photo-viewing-Clien-a2fd8-another-client-s-job-photos-chromium/trace.zip

    ────────────────────────────────────────────────────────────────────────────────────────────────

    Retry #1 ───────────────────────────────────────────────────────────────────────────────────────

    TimeoutError: locator.fill: Timeout 10000ms exceeded.
    Call log:
      - waiting for getByPlaceholder(/phone/i)


      48 |
      49 |     // Fill credentials using placeholders
    > 50 |     await page.getByPlaceholder(/phone/i).fill(CLIENT_CREDENTIALS.phone);
         |                                           ^
      51 |     await page.getByPlaceholder(/password/i).fill(CLIENT_CREDENTIALS.password);
      52 |
      53 |     // Submit login form
        at loginAsClient (/Applications/XAMPP/xamppfiles/htdocs/Lavandaria/tests/e2e/client-photo-viewing.spec.js:50:43)
        at /Applications/XAMPP/xamppfiles/htdocs/Lavandaria/tests/e2e/client-photo-viewing.spec.js:158:9

    attachment #1: screenshot (image/png) ──────────────────────────────────────────────────────────
    ../../test-results/client-photo-viewing-Clien-a2fd8-another-client-s-job-photos-chromium-retry1/test-failed-1.png
    ────────────────────────────────────────────────────────────────────────────────────────────────

    attachment #2: video (video/webm) ──────────────────────────────────────────────────────────────
    ../../test-results/client-photo-viewing-Clien-a2fd8-another-client-s-job-photos-chromium-retry1/video.webm
    ────────────────────────────────────────────────────────────────────────────────────────────────

    Error Context: ../../test-results/client-photo-viewing-Clien-a2fd8-another-client-s-job-photos-chromium-retry1/error-context.md

    attachment #4: trace (application/zip) ─────────────────────────────────────────────────────────
    ../../test-results/client-photo-viewing-Clien-a2fd8-another-client-s-job-photos-chromium-retry1/trace.zip
    Usage:

        npx playwright show-trace ../../test-results/client-photo-viewing-Clien-a2fd8-another-client-s-job-photos-chromium-retry1/trace.zip

    ────────────────────────────────────────────────────────────────────────────────────────────────

    Retry #2 ───────────────────────────────────────────────────────────────────────────────────────

    TimeoutError: locator.fill: Timeout 10000ms exceeded.
    Call log:
      - waiting for getByPlaceholder(/phone/i)


      48 |
      49 |     // Fill credentials using placeholders
    > 50 |     await page.getByPlaceholder(/phone/i).fill(CLIENT_CREDENTIALS.phone);
         |                                           ^
      51 |     await page.getByPlaceholder(/password/i).fill(CLIENT_CREDENTIALS.password);
      52 |
      53 |     // Submit login form
        at loginAsClient (/Applications/XAMPP/xamppfiles/htdocs/Lavandaria/tests/e2e/client-photo-viewing.spec.js:50:43)
        at /Applications/XAMPP/xamppfiles/htdocs/Lavandaria/tests/e2e/client-photo-viewing.spec.js:158:9

    attachment #1: screenshot (image/png) ──────────────────────────────────────────────────────────
    ../../test-results/client-photo-viewing-Clien-a2fd8-another-client-s-job-photos-chromium-retry2/test-failed-1.png
    ────────────────────────────────────────────────────────────────────────────────────────────────

    attachment #2: video (video/webm) ──────────────────────────────────────────────────────────────
    ../../test-results/client-photo-viewing-Clien-a2fd8-another-client-s-job-photos-chromium-retry2/video.webm
    ────────────────────────────────────────────────────────────────────────────────────────────────

    Error Context: ../../test-results/client-photo-viewing-Clien-a2fd8-another-client-s-job-photos-chromium-retry2/error-context.md

    attachment #4: trace (application/zip) ─────────────────────────────────────────────────────────
    ../../test-results/client-photo-viewing-Clien-a2fd8-another-client-s-job-photos-chromium-retry2/trace.zip
    Usage:

        npx playwright show-trace ../../test-results/client-photo-viewing-Clien-a2fd8-another-client-s-job-photos-chromium-retry2/trace.zip

    ────────────────────────────────────────────────────────────────────────────────────────────────
]]>
</failure>
<system-out>
<![CDATA[
[[ATTACHMENT|client-photo-viewing-Clien-a2fd8-another-client-s-job-photos-chromium/test-failed-1.png]]

[[ATTACHMENT|client-photo-viewing-Clien-a2fd8-another-client-s-job-photos-chromium/video.webm]]

[[ATTACHMENT|client-photo-viewing-Clien-a2fd8-another-client-s-job-photos-chromium/error-context.md]]

[[ATTACHMENT|client-photo-viewing-Clien-a2fd8-another-client-s-job-photos-chromium/trace.zip]]

[[ATTACHMENT|client-photo-viewing-Clien-a2fd8-another-client-s-job-photos-chromium-retry1/test-failed-1.png]]

[[ATTACHMENT|client-photo-viewing-Clien-a2fd8-another-client-s-job-photos-chromium-retry1/video.webm]]

[[ATTACHMENT|client-photo-viewing-Clien-a2fd8-another-client-s-job-photos-chromium-retry1/error-context.md]]

[[ATTACHMENT|client-photo-viewing-Clien-a2fd8-another-client-s-job-photos-chromium-retry1/trace.zip]]

[[ATTACHMENT|client-photo-viewing-Clien-a2fd8-another-client-s-job-photos-chromium-retry2/test-failed-1.png]]

[[ATTACHMENT|client-photo-viewing-Clien-a2fd8-another-client-s-job-photos-chromium-retry2/video.webm]]

[[ATTACHMENT|client-photo-viewing-Clien-a2fd8-another-client-s-job-photos-chromium-retry2/error-context.md]]

[[ATTACHMENT|client-photo-viewing-Clien-a2fd8-another-client-s-job-photos-chromium-retry2/trace.zip]]
]]>
</system-out>
</testcase>
<testcase name="Client Photo Viewing - RBAC Enforcement › worker can access assigned job photos but not unassigned" classname="client-photo-viewing.spec.js" time="34.882">
<failure message="client-photo-viewing.spec.js:177:5 worker can access assigned job photos but not unassigned" type="FAILURE">
<![CDATA[  [chromium] › client-photo-viewing.spec.js:177:5 › Client Photo Viewing - RBAC Enforcement › worker can access assigned job photos but not unassigned 

    TimeoutError: locator.fill: Timeout 10000ms exceeded.
    Call log:
      - waiting for getByPlaceholder(/phone/i)


      48 |
      49 |     // Fill credentials using placeholders
    > 50 |     await page.getByPlaceholder(/phone/i).fill(CLIENT_CREDENTIALS.phone);
         |                                           ^
      51 |     await page.getByPlaceholder(/password/i).fill(CLIENT_CREDENTIALS.password);
      52 |
      53 |     // Submit login form
        at loginAsClient (/Applications/XAMPP/xamppfiles/htdocs/Lavandaria/tests/e2e/client-photo-viewing.spec.js:50:43)
        at /Applications/XAMPP/xamppfiles/htdocs/Lavandaria/tests/e2e/client-photo-viewing.spec.js:158:9

    attachment #1: screenshot (image/png) ──────────────────────────────────────────────────────────
    ../../test-results/client-photo-viewing-Clien-7ac44-b-photos-but-not-unassigned-chromium/test-failed-1.png
    ────────────────────────────────────────────────────────────────────────────────────────────────

    attachment #2: video (video/webm) ──────────────────────────────────────────────────────────────
    ../../test-results/client-photo-viewing-Clien-7ac44-b-photos-but-not-unassigned-chromium/video.webm
    ────────────────────────────────────────────────────────────────────────────────────────────────

    Error Context: ../../test-results/client-photo-viewing-Clien-7ac44-b-photos-but-not-unassigned-chromium/error-context.md

    attachment #4: trace (application/zip) ─────────────────────────────────────────────────────────
    ../../test-results/client-photo-viewing-Clien-7ac44-b-photos-but-not-unassigned-chromium/trace.zip
    Usage:

        npx playwright show-trace ../../test-results/client-photo-viewing-Clien-7ac44-b-photos-but-not-unassigned-chromium/trace.zip

    ────────────────────────────────────────────────────────────────────────────────────────────────

    Retry #1 ───────────────────────────────────────────────────────────────────────────────────────

    TimeoutError: locator.fill: Timeout 10000ms exceeded.
    Call log:
      - waiting for getByPlaceholder(/phone/i)


      48 |
      49 |     // Fill credentials using placeholders
    > 50 |     await page.getByPlaceholder(/phone/i).fill(CLIENT_CREDENTIALS.phone);
         |                                           ^
      51 |     await page.getByPlaceholder(/password/i).fill(CLIENT_CREDENTIALS.password);
      52 |
      53 |     // Submit login form
        at loginAsClient (/Applications/XAMPP/xamppfiles/htdocs/Lavandaria/tests/e2e/client-photo-viewing.spec.js:50:43)
        at /Applications/XAMPP/xamppfiles/htdocs/Lavandaria/tests/e2e/client-photo-viewing.spec.js:158:9

    attachment #1: screenshot (image/png) ──────────────────────────────────────────────────────────
    ../../test-results/client-photo-viewing-Clien-7ac44-b-photos-but-not-unassigned-chromium-retry1/test-failed-1.png
    ────────────────────────────────────────────────────────────────────────────────────────────────

    attachment #2: video (video/webm) ──────────────────────────────────────────────────────────────
    ../../test-results/client-photo-viewing-Clien-7ac44-b-photos-but-not-unassigned-chromium-retry1/video.webm
    ────────────────────────────────────────────────────────────────────────────────────────────────

    Error Context: ../../test-results/client-photo-viewing-Clien-7ac44-b-photos-but-not-unassigned-chromium-retry1/error-context.md

    attachment #4: trace (application/zip) ─────────────────────────────────────────────────────────
    ../../test-results/client-photo-viewing-Clien-7ac44-b-photos-but-not-unassigned-chromium-retry1/trace.zip
    Usage:

        npx playwright show-trace ../../test-results/client-photo-viewing-Clien-7ac44-b-photos-but-not-unassigned-chromium-retry1/trace.zip

    ────────────────────────────────────────────────────────────────────────────────────────────────

    Retry #2 ───────────────────────────────────────────────────────────────────────────────────────

    TimeoutError: locator.fill: Timeout 10000ms exceeded.
    Call log:
      - waiting for getByPlaceholder(/phone/i)


      48 |
      49 |     // Fill credentials using placeholders
    > 50 |     await page.getByPlaceholder(/phone/i).fill(CLIENT_CREDENTIALS.phone);
         |                                           ^
      51 |     await page.getByPlaceholder(/password/i).fill(CLIENT_CREDENTIALS.password);
      52 |
      53 |     // Submit login form
        at loginAsClient (/Applications/XAMPP/xamppfiles/htdocs/Lavandaria/tests/e2e/client-photo-viewing.spec.js:50:43)
        at /Applications/XAMPP/xamppfiles/htdocs/Lavandaria/tests/e2e/client-photo-viewing.spec.js:158:9

    attachment #1: screenshot (image/png) ──────────────────────────────────────────────────────────
    ../../test-results/client-photo-viewing-Clien-7ac44-b-photos-but-not-unassigned-chromium-retry2/test-failed-1.png
    ────────────────────────────────────────────────────────────────────────────────────────────────

    attachment #2: video (video/webm) ──────────────────────────────────────────────────────────────
    ../../test-results/client-photo-viewing-Clien-7ac44-b-photos-but-not-unassigned-chromium-retry2/video.webm
    ────────────────────────────────────────────────────────────────────────────────────────────────

    Error Context: ../../test-results/client-photo-viewing-Clien-7ac44-b-photos-but-not-unassigned-chromium-retry2/error-context.md

    attachment #4: trace (application/zip) ─────────────────────────────────────────────────────────
    ../../test-results/client-photo-viewing-Clien-7ac44-b-photos-but-not-unassigned-chromium-retry2/trace.zip
    Usage:

        npx playwright show-trace ../../test-results/client-photo-viewing-Clien-7ac44-b-photos-but-not-unassigned-chromium-retry2/trace.zip

    ────────────────────────────────────────────────────────────────────────────────────────────────
]]>
</failure>
<system-out>
<![CDATA[
[[ATTACHMENT|client-photo-viewing-Clien-7ac44-b-photos-but-not-unassigned-chromium/test-failed-1.png]]

[[ATTACHMENT|client-photo-viewing-Clien-7ac44-b-photos-but-not-unassigned-chromium/video.webm]]

[[ATTACHMENT|client-photo-viewing-Clien-7ac44-b-photos-but-not-unassigned-chromium/error-context.md]]

[[ATTACHMENT|client-photo-viewing-Clien-7ac44-b-photos-but-not-unassigned-chromium/trace.zip]]

[[ATTACHMENT|client-photo-viewing-Clien-7ac44-b-photos-but-not-unassigned-chromium-retry1/test-failed-1.png]]

[[ATTACHMENT|client-photo-viewing-Clien-7ac44-b-photos-but-not-unassigned-chromium-retry1/video.webm]]

[[ATTACHMENT|client-photo-viewing-Clien-7ac44-b-photos-but-not-unassigned-chromium-retry1/error-context.md]]

[[ATTACHMENT|client-photo-viewing-Clien-7ac44-b-photos-but-not-unassigned-chromium-retry1/trace.zip]]

[[ATTACHMENT|client-photo-viewing-Clien-7ac44-b-photos-but-not-unassigned-chromium-retry2/test-failed-1.png]]

[[ATTACHMENT|client-photo-viewing-Clien-7ac44-b-photos-but-not-unassigned-chromium-retry2/video.webm]]

[[ATTACHMENT|client-photo-viewing-Clien-7ac44-b-photos-but-not-unassigned-chromium-retry2/error-context.md]]

[[ATTACHMENT|client-photo-viewing-Clien-7ac44-b-photos-but-not-unassigned-chromium-retry2/trace.zip]]
]]>
</system-out>
</testcase>
<testcase name="Client Photo Viewing - RBAC Enforcement › unauthenticated user cannot access job photos" classname="client-photo-viewing.spec.js" time="34.876">
<failure message="client-photo-viewing.spec.js:207:5 unauthenticated user cannot access job photos" type="FAILURE">
<![CDATA[  [chromium] › client-photo-viewing.spec.js:207:5 › Client Photo Viewing - RBAC Enforcement › unauthenticated user cannot access job photos 

    TimeoutError: locator.fill: Timeout 10000ms exceeded.
    Call log:
[...]

    ────────────────────────────────────────────────────────────────────────────────────────────────

    Retry #1 ───────────────────────────────────────────────────────────────────────────────────────

    Error: expect(received).toBe(expected) // Object.is equality

    Expected: 413
    Received: 401

      222 |
      223 |         expect(response.ok()).toBeFalsy();
    > 224 |         expect(response.status()).toBe(413); // Payload Too Large
          |                                   ^
      225 |
      226 |         // Verify correlation ID even in error response (if JSON returned)
      227 |         const contentType = response.headers()['content-type'];
        at /Applications/XAMPP/xamppfiles/htdocs/Lavandaria/tests/e2e/worker-photo-upload.spec.js:224:35

    attachment #1: screenshot (image/png) ──────────────────────────────────────────────────────────
    ../../test-results/worker-photo-upload-Worker-1e4c0--files-exceeding-10MB-limit-chromium-retry1/test-failed-1.png
    ────────────────────────────────────────────────────────────────────────────────────────────────

    attachment #2: video (video/webm) ──────────────────────────────────────────────────────────────
    ../../test-results/worker-photo-upload-Worker-1e4c0--files-exceeding-10MB-limit-chromium-retry1/video.webm
    ────────────────────────────────────────────────────────────────────────────────────────────────

    Error Context: ../../test-results/worker-photo-upload-Worker-1e4c0--files-exceeding-10MB-limit-chromium-retry1/error-context.md

    attachment #4: trace (application/zip) ─────────────────────────────────────────────────────────
    ../../test-results/worker-photo-upload-Worker-1e4c0--files-exceeding-10MB-limit-chromium-retry1/trace.zip
    Usage:

        npx playwright show-trace ../../test-results/worker-photo-upload-Worker-1e4c0--files-exceeding-10MB-limit-chromium-retry1/trace.zip

    ────────────────────────────────────────────────────────────────────────────────────────────────

    Retry #2 ───────────────────────────────────────────────────────────────────────────────────────

    Error: expect(received).toBe(expected) // Object.is equality

    Expected: 413
    Received: 401

      222 |
      223 |         expect(response.ok()).toBeFalsy();
    > 224 |         expect(response.status()).toBe(413); // Payload Too Large
          |                                   ^
      225 |
      226 |         // Verify correlation ID even in error response (if JSON returned)
      227 |         const contentType = response.headers()['content-type'];
        at /Applications/XAMPP/xamppfiles/htdocs/Lavandaria/tests/e2e/worker-photo-upload.spec.js:224:35

    attachment #1: screenshot (image/png) ──────────────────────────────────────────────────────────
    ../../test-results/worker-photo-upload-Worker-1e4c0--files-exceeding-10MB-limit-chromium-retry2/test-failed-1.png
    ────────────────────────────────────────────────────────────────────────────────────────────────

    attachment #2: video (video/webm) ──────────────────────────────────────────────────────────────
    ../../test-results/worker-photo-upload-Worker-1e4c0--files-exceeding-10MB-limit-chromium-retry2/video.webm
    ────────────────────────────────────────────────────────────────────────────────────────────────

    Error Context: ../../test-results/worker-photo-upload-Worker-1e4c0--files-exceeding-10MB-limit-chromium-retry2/error-context.md

    attachment #4: trace (application/zip) ─────────────────────────────────────────────────────────
    ../../test-results/worker-photo-upload-Worker-1e4c0--files-exceeding-10MB-limit-chromium-retry2/trace.zip
    Usage:

        npx playwright show-trace ../../test-results/worker-photo-upload-Worker-1e4c0--files-exceeding-10MB-limit-chromium-retry2/trace.zip

    ────────────────────────────────────────────────────────────────────────────────────────────────
]]>
</failure>
<system-out>
<![CDATA[
[[ATTACHMENT|worker-photo-upload-Worker-1e4c0--files-exceeding-10MB-limit-chromium/test-failed-1.png]]

[[ATTACHMENT|worker-photo-upload-Worker-1e4c0--files-exceeding-10MB-limit-chromium/video.webm]]

[[ATTACHMENT|worker-photo-upload-Worker-1e4c0--files-exceeding-10MB-limit-chromium/error-context.md]]

[[ATTACHMENT|worker-photo-upload-Worker-1e4c0--files-exceeding-10MB-limit-chromium/trace.zip]]

[[ATTACHMENT|worker-photo-upload-Worker-1e4c0--files-exceeding-10MB-limit-chromium-retry1/test-failed-1.png]]

[[ATTACHMENT|worker-photo-upload-Worker-1e4c0--files-exceeding-10MB-limit-chromium-retry1/video.webm]]

[[ATTACHMENT|worker-photo-upload-Worker-1e4c0--files-exceeding-10MB-limit-chromium-retry1/error-context.md]]

[[ATTACHMENT|worker-photo-upload-Worker-1e4c0--files-exceeding-10MB-limit-chromium-retry1/trace.zip]]

[[ATTACHMENT|worker-photo-upload-Worker-1e4c0--files-exceeding-10MB-limit-chromium-retry2/test-failed-1.png]]

[[ATTACHMENT|worker-photo-upload-Worker-1e4c0--files-exceeding-10MB-limit-chromium-retry2/video.webm]]

[[ATTACHMENT|worker-photo-upload-Worker-1e4c0--files-exceeding-10MB-limit-chromium-retry2/error-context.md]]

[[ATTACHMENT|worker-photo-upload-Worker-1e4c0--files-exceeding-10MB-limit-chromium-retry2/trace.zip]]
]]>
</system-out>
</testcase>
<testcase name="Worker Photo Upload - Batch Limits › should prevent worker from uploading to unassigned job" classname="worker-photo-upload.spec.js" time="4.908">
<failure message="worker-photo-upload.spec.js:237:5 should prevent worker from uploading to unassigned job" type="FAILURE">
<![CDATA[  [chromium] › worker-photo-upload.spec.js:237:5 › Worker Photo Upload - Batch Limits › should prevent worker from uploading to unassigned job 

    Error: expect(received).toBe(expected) // Object.is equality

    Expected: 404
    Received: 401

      245 |         const response = await request.post(`/api/cleaning-jobs/${invalidJobId}/photos`, formData);
      246 |
    > 247 |         expect(response.status()).toBe(404);
          |                                   ^
      248 |         const result = await response.json();
      249 |
      250 |         // Verify standardized error response
        at /Applications/XAMPP/xamppfiles/htdocs/Lavandaria/tests/e2e/worker-photo-upload.spec.js:247:35

    attachment #1: screenshot (image/png) ──────────────────────────────────────────────────────────
    ../../test-results/worker-photo-upload-Worker-8fa16-uploading-to-unassigned-job-chromium/test-failed-1.png
    ────────────────────────────────────────────────────────────────────────────────────────────────

    attachment #2: video (video/webm) ──────────────────────────────────────────────────────────────
    ../../test-results/worker-photo-upload-Worker-8fa16-uploading-to-unassigned-job-chromium/video.webm
    ────────────────────────────────────────────────────────────────────────────────────────────────

    Error Context: ../../test-results/worker-photo-upload-Worker-8fa16-uploading-to-unassigned-job-chromium/error-context.md

    attachment #4: trace (application/zip) ─────────────────────────────────────────────────────────
    ../../test-results/worker-photo-upload-Worker-8fa16-uploading-to-unassigned-job-chromium/trace.zip
    Usage:

        npx playwright show-trace ../../test-results/worker-photo-upload-Worker-8fa16-uploading-to-unassigned-job-chromium/trace.zip

    ────────────────────────────────────────────────────────────────────────────────────────────────

    Retry #1 ───────────────────────────────────────────────────────────────────────────────────────

    Error: expect(received).toBe(expected) // Object.is equality

    Expected: 404
    Received: 401

      245 |         const response = await request.post(`/api/cleaning-jobs/${invalidJobId}/photos`, formData);
      246 |
    > 247 |         expect(response.status()).toBe(404);
          |                                   ^
      248 |         const result = await response.json();
      249 |
      250 |         // Verify standardized error response
        at /Applications/XAMPP/xamppfiles/htdocs/Lavandaria/tests/e2e/worker-photo-upload.spec.js:247:35

    attachment #1: screenshot (image/png) ──────────────────────────────────────────────────────────
    ../../test-results/worker-photo-upload-Worker-8fa16-uploading-to-unassigned-job-chromium-retry1/test-failed-1.png
    ────────────────────────────────────────────────────────────────────────────────────────────────

    attachment #2: video (video/webm) ──────────────────────────────────────────────────────────────
    ../../test-results/worker-photo-upload-Worker-8fa16-uploading-to-unassigned-job-chromium-retry1/video.webm
    ────────────────────────────────────────────────────────────────────────────────────────────────

    Error Context: ../../test-results/worker-photo-upload-Worker-8fa16-uploading-to-unassigned-job-chromium-retry1/error-context.md

    attachment #4: trace (application/zip) ─────────────────────────────────────────────────────────
    ../../test-results/worker-photo-upload-Worker-8fa16-uploading-to-unassigned-job-chromium-retry1/trace.zip
    Usage:

        npx playwright show-trace ../../test-results/worker-photo-upload-Worker-8fa16-uploading-to-unassigned-job-chromium-retry1/trace.zip

    ────────────────────────────────────────────────────────────────────────────────────────────────

    Retry #2 ───────────────────────────────────────────────────────────────────────────────────────

    Error: expect(received).toBe(expected) // Object.is equality

    Expected: 404
    Received: 401

      245 |         const response = await request.post(`/api/cleaning-jobs/${invalidJobId}/photos`, formData);
      246 |
    > 247 |         expect(response.status()).toBe(404);
          |                                   ^
      248 |         const result = await response.json();
      249 |
      250 |         // Verify standardized error response
        at /Applications/XAMPP/xamppfiles/htdocs/Lavandaria/tests/e2e/worker-photo-upload.spec.js:247:35

    attachment #1: screenshot (image/png) ──────────────────────────────────────────────────────────
    ../../test-results/worker-photo-upload-Worker-8fa16-uploading-to-unassigned-job-chromium-retry2/test-failed-1.png
    ────────────────────────────────────────────────────────────────────────────────────────────────

    attachment #2: video (video/webm) ──────────────────────────────────────────────────────────────
    ../../test-results/worker-photo-upload-Worker-8fa16-uploading-to-unassigned-job-chromium-retry2/video.webm
    ────────────────────────────────────────────────────────────────────────────────────────────────

    Error Context: ../../test-results/worker-photo-upload-Worker-8fa16-uploading-to-unassigned-job-chromium-retry2/error-context.md

    attachment #4: trace (application/zip) ─────────────────────────────────────────────────────────
    ../../test-results/worker-photo-upload-Worker-8fa16-uploading-to-unassigned-job-chromium-retry2/trace.zip
    Usage:

        npx playwright show-trace ../../test-results/worker-photo-upload-Worker-8fa16-uploading-to-unassigned-job-chromium-retry2/trace.zip

    ────────────────────────────────────────────────────────────────────────────────────────────────
]]>
</failure>
<system-out>
<![CDATA[
[[ATTACHMENT|worker-photo-upload-Worker-8fa16-uploading-to-unassigned-job-chromium/test-failed-1.png]]

[[ATTACHMENT|worker-photo-upload-Worker-8fa16-uploading-to-unassigned-job-chromium/video.webm]]

[[ATTACHMENT|worker-photo-upload-Worker-8fa16-uploading-to-unassigned-job-chromium/error-context.md]]

[[ATTACHMENT|worker-photo-upload-Worker-8fa16-uploading-to-unassigned-job-chromium/trace.zip]]

[[ATTACHMENT|worker-photo-upload-Worker-8fa16-uploading-to-unassigned-job-chromium-retry1/test-failed-1.png]]

[[ATTACHMENT|worker-photo-upload-Worker-8fa16-uploading-to-unassigned-job-chromium-retry1/video.webm]]

[[ATTACHMENT|worker-photo-upload-Worker-8fa16-uploading-to-unassigned-job-chromium-retry1/error-context.md]]

[[ATTACHMENT|worker-photo-upload-Worker-8fa16-uploading-to-unassigned-job-chromium-retry1/trace.zip]]

[[ATTACHMENT|worker-photo-upload-Worker-8fa16-uploading-to-unassigned-job-chromium-retry2/test-failed-1.png]]

[[ATTACHMENT|worker-photo-upload-Worker-8fa16-uploading-to-unassigned-job-chromium-retry2/video.webm]]

[[ATTACHMENT|worker-photo-upload-Worker-8fa16-uploading-to-unassigned-job-chromium-retry2/error-context.md]]

[[ATTACHMENT|worker-photo-upload-Worker-8fa16-uploading-to-unassigned-job-chromium-retry2/trace.zip]]
]]>
</system-out>
</testcase>
<testcase name="Worker Photo Upload - Response Validation › all responses must include correlation IDs" classname="worker-photo-upload.spec.js" time="4.887">
<failure message="worker-photo-upload.spec.js:270:5 all responses must include correlation IDs" type="FAILURE">
<![CDATA[  [chromium] › worker-photo-upload.spec.js:270:5 › Worker Photo Upload - Response Validation › all responses must include correlation IDs 

    Error: expect(received).toHaveProperty(path, value)

    Expected path: "success"

    Expected value: true
    Received value: false

      278 |
      279 |         // Verify standardized response envelope
    > 280 |         expect(result).toHaveProperty('success', true);
          |                        ^
      281 |         expect(result).toHaveProperty('photos');
      282 |         expect(result).toHaveProperty('count');
      283 |
        at /Applications/XAMPP/xamppfiles/htdocs/Lavandaria/tests/e2e/worker-photo-upload.spec.js:280:24

    attachment #1: screenshot (image/png) ──────────────────────────────────────────────────────────
    ../../test-results/worker-photo-upload-Worker-6a361-ust-include-correlation-IDs-chromium/test-failed-1.png
    ────────────────────────────────────────────────────────────────────────────────────────────────

    attachment #2: video (video/webm) ──────────────────────────────────────────────────────────────
    ../../test-results/worker-photo-upload-Worker-6a361-ust-include-correlation-IDs-chromium/video.webm
    ────────────────────────────────────────────────────────────────────────────────────────────────

    Error Context: ../../test-results/worker-photo-upload-Worker-6a361-ust-include-correlation-IDs-chromium/error-context.md

    attachment #4: trace (application/zip) ─────────────────────────────────────────────────────────
    ../../test-results/worker-photo-upload-Worker-6a361-ust-include-correlation-IDs-chromium/trace.zip
    Usage:

        npx playwright show-trace ../../test-results/worker-photo-upload-Worker-6a361-ust-include-correlation-IDs-chromium/trace.zip

    ────────────────────────────────────────────────────────────────────────────────────────────────

    Retry #1 ───────────────────────────────────────────────────────────────────────────────────────

    Error: expect(received).toHaveProperty(path, value)

    Expected path: "success"

    Expected value: true
    Received value: false

      278 |
      279 |         // Verify standardized response envelope
    > 280 |         expect(result).toHaveProperty('success', true);
          |                        ^
      281 |         expect(result).toHaveProperty('photos');
      282 |         expect(result).toHaveProperty('count');
      283 |
        at /Applications/XAMPP/xamppfiles/htdocs/Lavandaria/tests/e2e/worker-photo-upload.spec.js:280:24

    attachment #1: screenshot (image/png) ──────────────────────────────────────────────────────────
    ../../test-results/worker-photo-upload-Worker-6a361-ust-include-correlation-IDs-chromium-retry1/test-failed-1.png
    ────────────────────────────────────────────────────────────────────────────────────────────────

    attachment #2: video (video/webm) ──────────────────────────────────────────────────────────────
    ../../test-results/worker-photo-upload-Worker-6a361-ust-include-correlation-IDs-chromium-retry1/video.webm
    ────────────────────────────────────────────────────────────────────────────────────────────────

    Error Context: ../../test-results/worker-photo-upload-Worker-6a361-ust-include-correlation-IDs-chromium-retry1/error-context.md

    attachment #4: trace (application/zip) ─────────────────────────────────────────────────────────
    ../../test-results/worker-photo-upload-Worker-6a361-ust-include-correlation-IDs-chromium-retry1/trace.zip
    Usage:

        npx playwright show-trace ../../test-results/worker-photo-upload-Worker-6a361-ust-include-correlation-IDs-chromium-retry1/trace.zip

    ────────────────────────────────────────────────────────────────────────────────────────────────

    Retry #2 ───────────────────────────────────────────────────────────────────────────────────────

    Error: expect(received).toHaveProperty(path, value)

    Expected path: "success"

    Expected value: true
    Received value: false

      278 |
      279 |         // Verify standardized response envelope
    > 280 |         expect(result).toHaveProperty('success', true);
          |                        ^
      281 |         expect(result).toHaveProperty('photos');
      282 |         expect(result).toHaveProperty('count');
      283 |
        at /Applications/XAMPP/xamppfiles/htdocs/Lavandaria/tests/e2e/worker-photo-upload.spec.js:280:24

    attachment #1: screenshot (image/png) ──────────────────────────────────────────────────────────
    ../../test-results/worker-photo-upload-Worker-6a361-ust-include-correlation-IDs-chromium-retry2/test-failed-1.png
    ────────────────────────────────────────────────────────────────────────────────────────────────

    attachment #2: video (video/webm) ──────────────────────────────────────────────────────────────
    ../../test-results/worker-photo-upload-Worker-6a361-ust-include-correlation-IDs-chromium-retry2/video.webm
    ────────────────────────────────────────────────────────────────────────────────────────────────

    Error Context: ../../test-results/worker-photo-upload-Worker-6a361-ust-include-correlation-IDs-chromium-retry2/error-context.md

    attachment #4: trace (application/zip) ─────────────────────────────────────────────────────────
    ../../test-results/worker-photo-upload-Worker-6a361-ust-include-correlation-IDs-chromium-retry2/trace.zip
    Usage:

        npx playwright show-trace ../../test-results/worker-photo-upload-Worker-6a361-ust-include-correlation-IDs-chromium-retry2/trace.zip

    ────────────────────────────────────────────────────────────────────────────────────────────────
]]>
</failure>
<system-out>
<![CDATA[
[[ATTACHMENT|worker-photo-upload-Worker-6a361-ust-include-correlation-IDs-chromium/test-failed-1.png]]

[[ATTACHMENT|worker-photo-upload-Worker-6a361-ust-include-correlation-IDs-chromium/video.webm]]

[[ATTACHMENT|worker-photo-upload-Worker-6a361-ust-include-correlation-IDs-chromium/error-context.md]]

[[ATTACHMENT|worker-photo-upload-Worker-6a361-ust-include-correlation-IDs-chromium/trace.zip]]

[[ATTACHMENT|worker-photo-upload-Worker-6a361-ust-include-correlation-IDs-chromium-retry1/test-failed-1.png]]

[[ATTACHMENT|worker-photo-upload-Worker-6a361-ust-include-correlation-IDs-chromium-retry1/video.webm]]

[[ATTACHMENT|worker-photo-upload-Worker-6a361-ust-include-correlation-IDs-chromium-retry1/error-context.md]]

[[ATTACHMENT|worker-photo-upload-Worker-6a361-ust-include-correlation-IDs-chromium-retry1/trace.zip]]

[[ATTACHMENT|worker-photo-upload-Worker-6a361-ust-include-correlation-IDs-chromium-retry2/test-failed-1.png]]

[[ATTACHMENT|worker-photo-upload-Worker-6a361-ust-include-correlation-IDs-chromium-retry2/video.webm]]

[[ATTACHMENT|worker-photo-upload-Worker-6a361-ust-include-correlation-IDs-chromium-retry2/error-context.md]]

[[ATTACHMENT|worker-photo-upload-Worker-6a361-ust-include-correlation-IDs-chromium-retry2/trace.zip]]
]]>
</system-out>
</testcase>
</testsuite>
</testsuites>